{"contracts/IdentityVerifierMock.sol":{"l":{"13":1,"14":0,"16":1,"17":1,"18":1,"22":0},"path":"/Users/mac/Protocol/UNLOCKD/contracts/IdentityVerifierMock.sol","s":{"1":1,"2":0,"3":1,"4":1,"5":0},"b":{"1":[0,1]},"f":{"1":1,"2":0},"fnMap":{"1":{"name":"verifyProof","line":11,"loc":{"start":{"line":11,"column":4},"end":{"line":19,"column":4}}},"2":{"name":"isVerified","line":21,"loc":{"start":{"line":21,"column":4},"end":{"line":23,"column":4}}}},"statementMap":{"1":{"start":{"line":13,"column":8},"end":{"line":13,"column":502}},"2":{"start":{"line":14,"column":12},"end":{"line":14,"column":24}},"3":{"start":{"line":17,"column":8},"end":{"line":17,"column":40}},"4":{"start":{"line":18,"column":8},"end":{"line":18,"column":19}},"5":{"start":{"line":22,"column":8},"end":{"line":22,"column":29}}},"branchMap":{"1":{"line":13,"type":"if","locations":[{"start":{"line":13,"column":8},"end":{"line":13,"column":8}},{"start":{"line":13,"column":8},"end":{"line":13,"column":8}}]}}},"contracts/LendingPool.sol":{"l":{"19":3,"23":5,"24":5,"28":1,"29":1,"33":3,"34":3,"35":3,"36":3,"40":0,"41":0,"42":0,"43":0,"44":0,"45":0,"49":2,"50":2,"51":2,"52":2,"56":3,"57":3,"58":3,"62":2,"63":0,"65":2,"69":2,"73":2},"path":"/Users/mac/Protocol/UNLOCKD/contracts/LendingPool.sol","s":{"1":5,"2":1,"3":3,"4":3,"5":0,"6":0,"7":0,"8":0,"9":2,"10":2,"11":2,"12":3,"13":3,"14":2,"15":0,"16":2,"17":2,"18":2},"b":{"1":[5,0],"2":[1,0],"3":[1,0],"4":[3,0],"5":[3,0],"6":[3,0],"7":[0,0],"8":[0,0],"9":[0,0],"10":[0,0],"11":[0,0],"12":[2,0],"13":[2,0],"14":[2,0],"15":[2,0],"16":[2,0],"17":[3,0],"18":[3,0],"19":[3,0],"20":[3,0],"21":[0,2],"22":[0,2]},"f":{"1":3,"2":5,"3":1,"4":3,"5":0,"6":2,"7":3,"8":2,"9":2,"10":2},"fnMap":{"1":{"name":"constructor","line":18,"loc":{"start":{"line":18,"column":4},"end":{"line":20,"column":4}}},"2":{"name":"onlyLoanManager","line":22,"loc":{"start":{"line":22,"column":4},"end":{"line":25,"column":4}}},"3":{"name":"setLoanManager","line":27,"loc":{"start":{"line":27,"column":4},"end":{"line":30,"column":4}}},"4":{"name":"deposit","line":32,"loc":{"start":{"line":32,"column":4},"end":{"line":37,"column":4}}},"5":{"name":"withdraw","line":39,"loc":{"start":{"line":39,"column":4},"end":{"line":46,"column":4}}},"6":{"name":"lend","line":48,"loc":{"start":{"line":48,"column":4},"end":{"line":53,"column":4}}},"7":{"name":"repay","line":55,"loc":{"start":{"line":55,"column":4},"end":{"line":59,"column":4}}},"8":{"name":"utilizationRateBps","line":61,"loc":{"start":{"line":61,"column":4},"end":{"line":66,"column":4}}},"9":{"name":"getInterestRateBps","line":68,"loc":{"start":{"line":68,"column":4},"end":{"line":70,"column":4}}},"10":{"name":"availableLiquidity","line":72,"loc":{"start":{"line":72,"column":4},"end":{"line":74,"column":4}}}},"statementMap":{"1":{"start":{"line":23,"column":8},"end":{"line":23,"column":61}},"2":{"start":{"line":28,"column":8},"end":{"line":28,"column":50}},"3":{"start":{"line":33,"column":8},"end":{"line":33,"column":38}},"4":{"start":{"line":34,"column":8},"end":{"line":34,"column":87}},"5":{"start":{"line":40,"column":8},"end":{"line":40,"column":38}},"6":{"start":{"line":41,"column":8},"end":{"line":41,"column":70}},"7":{"start":{"line":42,"column":8},"end":{"line":42,"column":72}},"8":{"start":{"line":45,"column":8},"end":{"line":45,"column":68}},"9":{"start":{"line":49,"column":8},"end":{"line":49,"column":38}},"10":{"start":{"line":50,"column":8},"end":{"line":50,"column":72}},"11":{"start":{"line":52,"column":8},"end":{"line":52,"column":60}},"12":{"start":{"line":56,"column":8},"end":{"line":56,"column":38}},"13":{"start":{"line":57,"column":8},"end":{"line":57,"column":53}},"14":{"start":{"line":62,"column":8},"end":{"line":62,"column":2145}},"15":{"start":{"line":63,"column":12},"end":{"line":63,"column":20}},"16":{"start":{"line":65,"column":8},"end":{"line":65,"column":64}},"17":{"start":{"line":69,"column":8},"end":{"line":69,"column":55}},"18":{"start":{"line":73,"column":8},"end":{"line":73,"column":44}}},"branchMap":{"1":{"line":23,"type":"if","locations":[{"start":{"line":23,"column":8},"end":{"line":23,"column":8}},{"start":{"line":23,"column":8},"end":{"line":23,"column":8}}]},"2":{"line":27,"type":"if","locations":[{"start":{"line":27,"column":54},"end":{"line":27,"column":54}},{"start":{"line":27,"column":54},"end":{"line":27,"column":54}}]},"3":{"line":28,"type":"if","locations":[{"start":{"line":28,"column":8},"end":{"line":28,"column":8}},{"start":{"line":28,"column":8},"end":{"line":28,"column":8}}]},"4":{"line":32,"type":"if","locations":[{"start":{"line":32,"column":46},"end":{"line":32,"column":46}},{"start":{"line":32,"column":46},"end":{"line":32,"column":46}}]},"5":{"line":33,"type":"if","locations":[{"start":{"line":33,"column":8},"end":{"line":33,"column":8}},{"start":{"line":33,"column":8},"end":{"line":33,"column":8}}]},"6":{"line":34,"type":"if","locations":[{"start":{"line":34,"column":8},"end":{"line":34,"column":8}},{"start":{"line":34,"column":8},"end":{"line":34,"column":8}}]},"7":{"line":39,"type":"if","locations":[{"start":{"line":39,"column":47},"end":{"line":39,"column":47}},{"start":{"line":39,"column":47},"end":{"line":39,"column":47}}]},"8":{"line":40,"type":"if","locations":[{"start":{"line":40,"column":8},"end":{"line":40,"column":8}},{"start":{"line":40,"column":8},"end":{"line":40,"column":8}}]},"9":{"line":41,"type":"if","locations":[{"start":{"line":41,"column":8},"end":{"line":41,"column":8}},{"start":{"line":41,"column":8},"end":{"line":41,"column":8}}]},"10":{"line":42,"type":"if","locations":[{"start":{"line":42,"column":8},"end":{"line":42,"column":8}},{"start":{"line":42,"column":8},"end":{"line":42,"column":8}}]},"11":{"line":45,"type":"if","locations":[{"start":{"line":45,"column":8},"end":{"line":45,"column":8}},{"start":{"line":45,"column":8},"end":{"line":45,"column":8}}]},"12":{"line":48,"type":"if","locations":[{"start":{"line":48,"column":55},"end":{"line":48,"column":55}},{"start":{"line":48,"column":55},"end":{"line":48,"column":55}}]},"13":{"line":48,"type":"if","locations":[{"start":{"line":48,"column":68},"end":{"line":48,"column":68}},{"start":{"line":48,"column":68},"end":{"line":48,"column":68}}]},"14":{"line":49,"type":"if","locations":[{"start":{"line":49,"column":8},"end":{"line":49,"column":8}},{"start":{"line":49,"column":8},"end":{"line":49,"column":8}}]},"15":{"line":50,"type":"if","locations":[{"start":{"line":50,"column":8},"end":{"line":50,"column":8}},{"start":{"line":50,"column":8},"end":{"line":50,"column":8}}]},"16":{"line":52,"type":"if","locations":[{"start":{"line":52,"column":8},"end":{"line":52,"column":8}},{"start":{"line":52,"column":8},"end":{"line":52,"column":8}}]},"17":{"line":55,"type":"if","locations":[{"start":{"line":55,"column":44},"end":{"line":55,"column":44}},{"start":{"line":55,"column":44},"end":{"line":55,"column":44}}]},"18":{"line":55,"type":"if","locations":[{"start":{"line":55,"column":57},"end":{"line":55,"column":57}},{"start":{"line":55,"column":57},"end":{"line":55,"column":57}}]},"19":{"line":56,"type":"if","locations":[{"start":{"line":56,"column":8},"end":{"line":56,"column":8}},{"start":{"line":56,"column":8},"end":{"line":56,"column":8}}]},"20":{"line":57,"type":"if","locations":[{"start":{"line":57,"column":8},"end":{"line":57,"column":8}},{"start":{"line":57,"column":8},"end":{"line":57,"column":8}}]},"21":{"line":62,"type":"if","locations":[{"start":{"line":62,"column":8},"end":{"line":62,"column":8}},{"start":{"line":62,"column":8},"end":{"line":62,"column":8}}]},"22":{"line":69,"type":"if","locations":[{"start":{"line":69,"column":45},"end":{"line":69,"column":48}},{"start":{"line":69,"column":52},"end":{"line":69,"column":54}}]}}},"contracts/LoanManager.sol":{"l":{"67":3,"68":3,"69":3,"70":3,"71":3,"72":3,"73":3,"74":3,"75":3,"79":0,"80":0,"81":0,"82":0,"90":0,"91":0,"92":0,"93":0,"94":0,"95":0,"99":1,"100":1,"101":1,"102":1,"103":1,"104":1,"112":3,"114":3,"115":3,"117":3,"118":3,"119":1,"120":1,"121":0,"124":3,"125":3,"127":2,"128":2,"130":2,"131":2,"139":2,"141":2,"142":2,"146":1,"147":1,"148":1,"149":1,"151":1,"152":1,"154":1,"155":1,"157":1,"158":1,"159":1,"160":1,"161":0,"162":0,"164":1,"167":0,"170":1,"174":2,"175":2,"176":2,"178":2,"179":2,"180":2,"182":2,"183":0,"184":0,"187":2,"188":2,"189":0,"192":2,"193":2,"194":2,"199":2,"200":2,"201":2,"202":2,"203":2,"205":2,"206":2,"210":2,"215":2,"216":2,"220":2,"221":2,"222":2,"224":2,"232":2,"233":0,"236":2,"237":2,"239":2,"251":2,"252":2,"259":2,"260":2,"261":2,"262":2,"264":2,"265":2,"266":2,"268":2,"269":2,"270":2,"277":2,"278":2,"281":0,"282":0,"283":0,"284":0,"286":0,"287":0,"288":0,"290":0,"295":0},"path":"/Users/mac/Protocol/UNLOCKD/contracts/LoanManager.sol","s":{"1":0,"2":0,"3":0,"4":0,"5":0,"6":1,"7":1,"8":1,"9":1,"10":1,"11":3,"12":3,"13":3,"14":3,"15":3,"16":1,"17":3,"18":3,"19":2,"20":2,"21":2,"22":2,"23":2,"24":1,"25":1,"26":1,"27":1,"28":1,"29":1,"30":1,"31":1,"32":1,"33":1,"34":1,"35":1,"36":2,"37":2,"38":2,"39":2,"40":2,"41":2,"42":2,"43":0,"44":0,"45":2,"46":2,"47":2,"48":2,"49":2,"50":2,"51":2,"52":2,"53":2,"54":2,"55":2,"56":2,"57":2,"58":2,"59":2,"60":2,"61":2,"62":0,"63":2,"64":2,"65":2,"66":2,"67":2,"68":2,"69":2,"70":2,"71":2,"72":2,"73":2,"74":2,"75":2,"76":2,"77":2,"78":2,"79":0,"80":0,"81":0,"82":0,"83":0,"84":0,"85":0,"86":0,"87":0},"b":{"1":[0,0],"2":[0,0],"3":[0,0],"4":[0,0],"5":[0,0],"6":[1,0],"7":[1,0],"8":[3,0],"9":[1,2],"10":[0,1],"11":[2,1],"12":[1,0],"13":[1,0],"14":[1,0],"15":[1,0],"16":[1,0],"17":[0,1],"18":[2,0],"19":[2,0],"20":[0,2],"21":[0,0],"22":[2,0],"23":[0,2],"24":[2,0],"25":[2,0],"26":[2,0],"27":[2,0],"28":[2,0],"29":[2,0],"30":[0,2],"31":[2,0],"32":[2,0],"33":[0,0]},"f":{"1":3,"2":0,"3":0,"4":1,"5":3,"6":1,"7":2,"8":2,"9":2,"10":2},"fnMap":{"1":{"name":"constructor","line":66,"loc":{"start":{"line":57,"column":4},"end":{"line":76,"column":4}}},"2":{"name":"setIdentityConfig","line":78,"loc":{"start":{"line":78,"column":4},"end":{"line":83,"column":4}}},"3":{"name":"setLiquidationConfig","line":89,"loc":{"start":{"line":85,"column":4},"end":{"line":96,"column":4}}},"4":{"name":"linkIdentity","line":98,"loc":{"start":{"line":98,"column":4},"end":{"line":105,"column":4}}},"5":{"name":"createLoan","line":107,"loc":{"start":{"line":107,"column":4},"end":{"line":143,"column":4}}},"6":{"name":"repayLoan","line":145,"loc":{"start":{"line":145,"column":4},"end":{"line":171,"column":4}}},"7":{"name":"settleAtUnlock","line":173,"loc":{"start":{"line":173,"column":4},"end":{"line":225,"column":4}}},"8":{"name":"_liquidate","line":227,"loc":{"start":{"line":227,"column":4},"end":{"line":253,"column":4}}},"9":{"name":"_minUsdcOut","line":255,"loc":{"start":{"line":255,"column":4},"end":{"line":271,"column":4}}},"10":{"name":"_calculateSeizeAmount","line":273,"loc":{"start":{"line":273,"column":4},"end":{"line":296,"column":4}}}},"statementMap":{"1":{"start":{"line":79,"column":8},"end":{"line":79,"column":50}},"2":{"start":{"line":82,"column":8},"end":{"line":82,"column":54}},"3":{"start":{"line":90,"column":8},"end":{"line":90,"column":48}},"4":{"start":{"line":91,"column":8},"end":{"line":91,"column":81}},"5":{"start":{"line":95,"column":8},"end":{"line":95,"column":70}},"6":{"start":{"line":99,"column":8},"end":{"line":99,"column":61}},"7":{"start":{"line":100,"column":8},"end":{"line":100,"column":84}},"8":{"start":{"line":101,"column":8},"end":{"line":101,"column":35}},"9":{"start":{"line":103,"column":8},"end":{"line":103,"column":57}},"10":{"start":{"line":104,"column":8},"end":{"line":104,"column":19}},"11":{"start":{"line":112,"column":8},"end":{"line":112,"column":44}},"12":{"start":{"line":114,"column":8},"end":{"line":114,"column":64}},"13":{"start":{"line":115,"column":8},"end":{"line":115,"column":96}},"14":{"start":{"line":117,"column":8},"end":{"line":117,"column":88}},"15":{"start":{"line":118,"column":8},"end":{"line":118,"column":4234}},"16":{"start":{"line":120,"column":12},"end":{"line":120,"column":4356}},"17":{"start":{"line":124,"column":8},"end":{"line":124,"column":59}},"18":{"start":{"line":125,"column":8},"end":{"line":125,"column":56}},"19":{"start":{"line":127,"column":8},"end":{"line":127,"column":59}},"20":{"start":{"line":128,"column":8},"end":{"line":128,"column":67}},"21":{"start":{"line":130,"column":8},"end":{"line":130,"column":34}},"22":{"start":{"line":141,"column":8},"end":{"line":141,"column":42}},"23":{"start":{"line":142,"column":8},"end":{"line":142,"column":58}},"24":{"start":{"line":146,"column":8},"end":{"line":146,"column":41}},"25":{"start":{"line":147,"column":8},"end":{"line":147,"column":39}},"26":{"start":{"line":148,"column":8},"end":{"line":148,"column":59}},"27":{"start":{"line":149,"column":8},"end":{"line":149,"column":38}},"28":{"start":{"line":151,"column":8},"end":{"line":151,"column":87}},"29":{"start":{"line":152,"column":8},"end":{"line":152,"column":25}},"30":{"start":{"line":154,"column":8},"end":{"line":154,"column":49}},"31":{"start":{"line":155,"column":8},"end":{"line":155,"column":51}},"32":{"start":{"line":157,"column":8},"end":{"line":157,"column":5609}},"33":{"start":{"line":159,"column":12},"end":{"line":159,"column":62}},"34":{"start":{"line":160,"column":12},"end":{"line":160,"column":5755}},"35":{"start":{"line":170,"column":8},"end":{"line":170,"column":39}},"36":{"start":{"line":174,"column":8},"end":{"line":174,"column":41}},"37":{"start":{"line":175,"column":8},"end":{"line":175,"column":39}},"38":{"start":{"line":176,"column":8},"end":{"line":176,"column":66}},"39":{"start":{"line":178,"column":8},"end":{"line":178,"column":62}},"40":{"start":{"line":179,"column":8},"end":{"line":179,"column":42}},"41":{"start":{"line":180,"column":8},"end":{"line":180,"column":83}},"42":{"start":{"line":182,"column":8},"end":{"line":182,"column":6515}},"43":{"start":{"line":183,"column":12},"end":{"line":183,"column":6549}},"44":{"start":{"line":184,"column":16},"end":{"line":184,"column":76}},"45":{"start":{"line":186,"column":15},"end":{"line":186,"column":6673}},"46":{"start":{"line":187,"column":12},"end":{"line":187,"column":77}},"47":{"start":{"line":188,"column":12},"end":{"line":188,"column":6788}},"48":{"start":{"line":192,"column":12},"end":{"line":192,"column":6885}},"49":{"start":{"line":193,"column":16},"end":{"line":193,"column":79}},"50":{"start":{"line":194,"column":16},"end":{"line":194,"column":7011}},"51":{"start":{"line":199,"column":16},"end":{"line":199,"column":7167}},"52":{"start":{"line":200,"column":20},"end":{"line":200,"column":54}},"53":{"start":{"line":201,"column":20},"end":{"line":201,"column":59}},"54":{"start":{"line":202,"column":20},"end":{"line":202,"column":7332}},"55":{"start":{"line":205,"column":20},"end":{"line":205,"column":7452}},"56":{"start":{"line":206,"column":24},"end":{"line":206,"column":7503}},"57":{"start":{"line":210,"column":24},"end":{"line":210,"column":46}},"58":{"start":{"line":215,"column":12},"end":{"line":215,"column":7765}},"59":{"start":{"line":216,"column":16},"end":{"line":216,"column":90}},"60":{"start":{"line":224,"column":8},"end":{"line":224,"column":43}},"61":{"start":{"line":232,"column":8},"end":{"line":232,"column":8202}},"62":{"start":{"line":233,"column":12},"end":{"line":233,"column":20}},"63":{"start":{"line":236,"column":8},"end":{"line":236,"column":65}},"64":{"start":{"line":237,"column":8},"end":{"line":237,"column":56}},"65":{"start":{"line":239,"column":8},"end":{"line":239,"column":8420}},"66":{"start":{"line":252,"column":8},"end":{"line":252,"column":75}},"67":{"start":{"line":259,"column":8},"end":{"line":259,"column":63}},"68":{"start":{"line":260,"column":8},"end":{"line":260,"column":61}},"69":{"start":{"line":261,"column":8},"end":{"line":261,"column":39}},"70":{"start":{"line":262,"column":8},"end":{"line":262,"column":39}},"71":{"start":{"line":264,"column":8},"end":{"line":264,"column":50}},"72":{"start":{"line":265,"column":8},"end":{"line":265,"column":62}},"73":{"start":{"line":266,"column":8},"end":{"line":266,"column":69}},"74":{"start":{"line":268,"column":8},"end":{"line":268,"column":76}},"75":{"start":{"line":269,"column":8},"end":{"line":269,"column":93}},"76":{"start":{"line":270,"column":8},"end":{"line":270,"column":72}},"77":{"start":{"line":277,"column":8},"end":{"line":277,"column":9891}},"78":{"start":{"line":278,"column":12},"end":{"line":278,"column":27}},"79":{"start":{"line":281,"column":8},"end":{"line":281,"column":63}},"80":{"start":{"line":282,"column":8},"end":{"line":282,"column":61}},"81":{"start":{"line":283,"column":8},"end":{"line":283,"column":39}},"82":{"start":{"line":284,"column":8},"end":{"line":284,"column":39}},"83":{"start":{"line":286,"column":8},"end":{"line":286,"column":50}},"84":{"start":{"line":287,"column":8},"end":{"line":287,"column":62}},"85":{"start":{"line":288,"column":8},"end":{"line":288,"column":69}},"86":{"start":{"line":290,"column":8},"end":{"line":290,"column":10379}},"87":{"start":{"line":295,"column":8},"end":{"line":295,"column":72}}},"branchMap":{"1":{"line":78,"type":"if","locations":[{"start":{"line":78,"column":76},"end":{"line":78,"column":76}},{"start":{"line":78,"column":76},"end":{"line":78,"column":76}}]},"2":{"line":79,"type":"if","locations":[{"start":{"line":79,"column":8},"end":{"line":79,"column":8}},{"start":{"line":79,"column":8},"end":{"line":79,"column":8}}]},"3":{"line":89,"type":"if","locations":[{"start":{"line":89,"column":15},"end":{"line":89,"column":15}},{"start":{"line":89,"column":15},"end":{"line":89,"column":15}}]},"4":{"line":90,"type":"if","locations":[{"start":{"line":90,"column":8},"end":{"line":90,"column":8}},{"start":{"line":90,"column":8},"end":{"line":90,"column":8}}]},"5":{"line":91,"type":"if","locations":[{"start":{"line":91,"column":8},"end":{"line":91,"column":8}},{"start":{"line":91,"column":8},"end":{"line":91,"column":8}}]},"6":{"line":99,"type":"if","locations":[{"start":{"line":99,"column":8},"end":{"line":99,"column":8}},{"start":{"line":99,"column":8},"end":{"line":99,"column":8}}]},"7":{"line":101,"type":"if","locations":[{"start":{"line":101,"column":8},"end":{"line":101,"column":8}},{"start":{"line":101,"column":8},"end":{"line":101,"column":8}}]},"8":{"line":112,"type":"if","locations":[{"start":{"line":112,"column":8},"end":{"line":112,"column":8}},{"start":{"line":112,"column":8},"end":{"line":112,"column":8}}]},"9":{"line":118,"type":"if","locations":[{"start":{"line":118,"column":8},"end":{"line":118,"column":8}},{"start":{"line":118,"column":8},"end":{"line":118,"column":8}}]},"10":{"line":120,"type":"if","locations":[{"start":{"line":120,"column":12},"end":{"line":120,"column":12}},{"start":{"line":120,"column":12},"end":{"line":120,"column":12}}]},"11":{"line":125,"type":"if","locations":[{"start":{"line":125,"column":8},"end":{"line":125,"column":8}},{"start":{"line":125,"column":8},"end":{"line":125,"column":8}}]},"12":{"line":147,"type":"if","locations":[{"start":{"line":147,"column":8},"end":{"line":147,"column":8}},{"start":{"line":147,"column":8},"end":{"line":147,"column":8}}]},"13":{"line":148,"type":"if","locations":[{"start":{"line":148,"column":8},"end":{"line":148,"column":8}},{"start":{"line":148,"column":8},"end":{"line":148,"column":8}}]},"14":{"line":149,"type":"if","locations":[{"start":{"line":149,"column":8},"end":{"line":149,"column":8}},{"start":{"line":149,"column":8},"end":{"line":149,"column":8}}]},"15":{"line":151,"type":"if","locations":[{"start":{"line":151,"column":8},"end":{"line":151,"column":8}},{"start":{"line":151,"column":8},"end":{"line":151,"column":8}}]},"16":{"line":157,"type":"if","locations":[{"start":{"line":157,"column":8},"end":{"line":157,"column":8}},{"start":{"line":157,"column":8},"end":{"line":157,"column":8}}]},"17":{"line":160,"type":"if","locations":[{"start":{"line":160,"column":12},"end":{"line":160,"column":12}},{"start":{"line":160,"column":12},"end":{"line":160,"column":12}}]},"18":{"line":175,"type":"if","locations":[{"start":{"line":175,"column":8},"end":{"line":175,"column":8}},{"start":{"line":175,"column":8},"end":{"line":175,"column":8}}]},"19":{"line":176,"type":"if","locations":[{"start":{"line":176,"column":8},"end":{"line":176,"column":8}},{"start":{"line":176,"column":8},"end":{"line":176,"column":8}}]},"20":{"line":182,"type":"if","locations":[{"start":{"line":182,"column":8},"end":{"line":182,"column":8}},{"start":{"line":182,"column":8},"end":{"line":182,"column":8}}]},"21":{"line":183,"type":"if","locations":[{"start":{"line":183,"column":12},"end":{"line":183,"column":12}},{"start":{"line":183,"column":12},"end":{"line":183,"column":12}}]},"22":{"line":186,"type":"if","locations":[{"start":{"line":186,"column":15},"end":{"line":186,"column":15}},{"start":{"line":186,"column":15},"end":{"line":186,"column":15}}]},"23":{"line":188,"type":"if","locations":[{"start":{"line":188,"column":12},"end":{"line":188,"column":12}},{"start":{"line":188,"column":12},"end":{"line":188,"column":12}}]},"24":{"line":192,"type":"if","locations":[{"start":{"line":192,"column":12},"end":{"line":192,"column":12}},{"start":{"line":192,"column":12},"end":{"line":192,"column":12}}]},"25":{"line":199,"type":"if","locations":[{"start":{"line":199,"column":16},"end":{"line":199,"column":16}},{"start":{"line":199,"column":16},"end":{"line":199,"column":16}}]},"26":{"line":202,"type":"if","locations":[{"start":{"line":202,"column":20},"end":{"line":202,"column":20}},{"start":{"line":202,"column":20},"end":{"line":202,"column":20}}]},"27":{"line":205,"type":"if","locations":[{"start":{"line":205,"column":20},"end":{"line":205,"column":20}},{"start":{"line":205,"column":20},"end":{"line":205,"column":20}}]},"28":{"line":206,"type":"if","locations":[{"start":{"line":206,"column":24},"end":{"line":206,"column":24}},{"start":{"line":206,"column":24},"end":{"line":206,"column":24}}]},"29":{"line":215,"type":"if","locations":[{"start":{"line":215,"column":12},"end":{"line":215,"column":12}},{"start":{"line":215,"column":12},"end":{"line":215,"column":12}}]},"30":{"line":232,"type":"if","locations":[{"start":{"line":232,"column":8},"end":{"line":232,"column":8}},{"start":{"line":232,"column":8},"end":{"line":232,"column":8}}]},"31":{"line":261,"type":"if","locations":[{"start":{"line":261,"column":8},"end":{"line":261,"column":8}},{"start":{"line":261,"column":8},"end":{"line":261,"column":8}}]},"32":{"line":277,"type":"if","locations":[{"start":{"line":277,"column":8},"end":{"line":277,"column":8}},{"start":{"line":277,"column":8},"end":{"line":277,"column":8}}]},"33":{"line":283,"type":"if","locations":[{"start":{"line":283,"column":8},"end":{"line":283,"column":8}},{"start":{"line":283,"column":8},"end":{"line":283,"column":8}}]}}},"contracts/mocks/MockPriceFeed.sol":{"l":{"9":3,"10":3,"14":2,"18":9,"26":9},"path":"/Users/mac/Protocol/UNLOCKD/contracts/mocks/MockPriceFeed.sol","s":{"1":9,"2":9},"b":{},"f":{"1":3,"2":2,"3":9,"4":9},"fnMap":{"1":{"name":"constructor","line":8,"loc":{"start":{"line":8,"column":4},"end":{"line":11,"column":4}}},"2":{"name":"setPrice","line":13,"loc":{"start":{"line":13,"column":4},"end":{"line":15,"column":4}}},"3":{"name":"decimals","line":17,"loc":{"start":{"line":17,"column":4},"end":{"line":19,"column":4}}},"4":{"name":"latestRoundData","line":21,"loc":{"start":{"line":21,"column":4},"end":{"line":27,"column":4}}}},"statementMap":{"1":{"start":{"line":18,"column":8},"end":{"line":18,"column":28}},"2":{"start":{"line":26,"column":8},"end":{"line":26,"column":34}}},"branchMap":{}},"contracts/mocks/MockSwapRouter.sol":{"l":{"13":0,"19":2,"20":2,"28":2,"31":0,"39":0,"43":0,"49":0,"55":0,"61":0},"path":"/Users/mac/Protocol/UNLOCKD/contracts/mocks/MockSwapRouter.sol","s":{"1":0,"2":2,"3":2,"4":2,"5":0,"6":0,"7":0,"8":0,"9":0,"10":0},"b":{"1":[2,0],"2":[2,0],"3":[0,0],"4":[0,0]},"f":{"1":0,"2":2,"3":0,"4":0,"5":0},"fnMap":{"1":{"name":"uniswapV3SwapCallback","line":8,"loc":{"start":{"line":8,"column":4},"end":{"line":14,"column":4}}},"2":{"name":"exactInputSingle","line":16,"loc":{"start":{"line":16,"column":4},"end":{"line":44,"column":4}}},"3":{"name":"exactInput","line":46,"loc":{"start":{"line":46,"column":4},"end":{"line":50,"column":4}}},"4":{"name":"exactOutputSingle","line":52,"loc":{"start":{"line":52,"column":4},"end":{"line":56,"column":4}}},"5":{"name":"exactOutput","line":58,"loc":{"start":{"line":58,"column":4},"end":{"line":62,"column":4}}}},"statementMap":{"1":{"start":{"line":13,"column":8},"end":{"line":13,"column":28}},"2":{"start":{"line":19,"column":8},"end":{"line":19,"column":534}},"3":{"start":{"line":20,"column":12},"end":{"line":20,"column":591}},"4":{"start":{"line":28,"column":12},"end":{"line":28,"column":34}},"5":{"start":{"line":31,"column":8},"end":{"line":31,"column":878}},"6":{"start":{"line":39,"column":8},"end":{"line":39,"column":1091}},"7":{"start":{"line":43,"column":8},"end":{"line":43,"column":30}},"8":{"start":{"line":49,"column":8},"end":{"line":49,"column":32}},"9":{"start":{"line":55,"column":8},"end":{"line":55,"column":32}},"10":{"start":{"line":61,"column":8},"end":{"line":61,"column":32}}},"branchMap":{"1":{"line":19,"type":"if","locations":[{"start":{"line":19,"column":8},"end":{"line":19,"column":8}},{"start":{"line":19,"column":8},"end":{"line":19,"column":8}}]},"2":{"line":20,"type":"if","locations":[{"start":{"line":20,"column":12},"end":{"line":20,"column":12}},{"start":{"line":20,"column":12},"end":{"line":20,"column":12}}]},"3":{"line":31,"type":"if","locations":[{"start":{"line":31,"column":8},"end":{"line":31,"column":8}},{"start":{"line":31,"column":8},"end":{"line":31,"column":8}}]},"4":{"line":39,"type":"if","locations":[{"start":{"line":39,"column":8},"end":{"line":39,"column":8}},{"start":{"line":39,"column":8},"end":{"line":39,"column":8}}]}}},"contracts/mocks/MockUSDC.sol":{"l":{"10":4,"14":8},"path":"/Users/mac/Protocol/UNLOCKD/contracts/mocks/MockUSDC.sol","s":{"1":4,"2":8},"b":{},"f":{"1":3,"2":4,"3":8},"fnMap":{"1":{"name":"constructor","line":7,"loc":{"start":{"line":7,"column":4},"end":{"line":7,"column":47}}},"2":{"name":"decimals","line":9,"loc":{"start":{"line":9,"column":4},"end":{"line":11,"column":4}}},"3":{"name":"mint","line":13,"loc":{"start":{"line":13,"column":4},"end":{"line":15,"column":4}}}},"statementMap":{"1":{"start":{"line":10,"column":8},"end":{"line":10,"column":16}},"2":{"start":{"line":14,"column":8},"end":{"line":14,"column":24}}},"branchMap":{}},"contracts/mocks/MockVestingWallet.sol":{"l":{"22":4,"23":4,"24":4,"25":4,"26":4,"30":0,"34":4,"35":4,"36":4,"37":4,"41":0},"path":"/Users/mac/Protocol/UNLOCKD/contracts/mocks/MockVestingWallet.sol","s":{"1":4,"2":4,"3":4,"4":0},"b":{"1":[4,0],"2":[4,0]},"f":{"1":4,"2":0,"3":4,"4":0},"fnMap":{"1":{"name":"constructor","line":15,"loc":{"start":{"line":15,"column":4},"end":{"line":27,"column":4}}},"2":{"name":"setReleased","line":29,"loc":{"start":{"line":29,"column":4},"end":{"line":31,"column":4}}},"3":{"name":"releaseTo","line":33,"loc":{"start":{"line":33,"column":4},"end":{"line":38,"column":4}}},"4":{"name":"release","line":40,"loc":{"start":{"line":40,"column":4},"end":{"line":42,"column":4}}}},"statementMap":{"1":{"start":{"line":34,"column":8},"end":{"line":34,"column":40}},"2":{"start":{"line":35,"column":8},"end":{"line":35,"column":65}},"3":{"start":{"line":37,"column":8},"end":{"line":37,"column":41}},"4":{"start":{"line":41,"column":8},"end":{"line":41,"column":37}}},"branchMap":{"1":{"line":34,"type":"if","locations":[{"start":{"line":34,"column":8},"end":{"line":34,"column":8}},{"start":{"line":34,"column":8},"end":{"line":34,"column":8}}]},"2":{"line":35,"type":"if","locations":[{"start":{"line":35,"column":8},"end":{"line":35,"column":8}},{"start":{"line":35,"column":8},"end":{"line":35,"column":8}}]}}},"contracts/ValuationEngine.sol":{"l":{"19":3,"23":0,"24":0,"28":2,"29":2,"37":7,"38":7,"40":7,"41":7,"42":7,"43":7,"45":7,"48":7,"49":7,"50":7,"51":7,"54":7,"55":7,"56":7,"57":7,"58":7,"59":0,"62":7,"63":7,"64":7,"66":7,"70":7,"71":7,"72":0},"path":"/Users/mac/Protocol/UNLOCKD/contracts/ValuationEngine.sol","s":{"1":0,"2":2,"3":7,"4":7,"5":7,"6":7,"7":7,"8":7,"9":7,"10":7,"11":7,"12":7,"13":7,"14":7,"15":7,"16":7,"17":7,"18":7,"19":7,"20":7,"21":7,"22":7},"b":{"1":[0,0],"2":[0,0],"3":[2,0],"4":[2,0],"5":[7,0],"6":[7,0],"7":[7,0],"8":[0,7],"9":[0,7]},"f":{"1":3,"2":0,"3":2,"4":7},"fnMap":{"1":{"name":"constructor","line":18,"loc":{"start":{"line":18,"column":4},"end":{"line":20,"column":4}}},"2":{"name":"setRiskFreeRate","line":22,"loc":{"start":{"line":22,"column":4},"end":{"line":25,"column":4}}},"3":{"name":"setVolatility","line":27,"loc":{"start":{"line":27,"column":4},"end":{"line":30,"column":4}}},"4":{"name":"computeDPV","line":32,"loc":{"start":{"line":32,"column":4},"end":{"line":74,"column":4}}}},"statementMap":{"1":{"start":{"line":23,"column":8},"end":{"line":23,"column":46}},"2":{"start":{"line":28,"column":8},"end":{"line":28,"column":45}},"3":{"start":{"line":37,"column":8},"end":{"line":37,"column":42}},"4":{"start":{"line":38,"column":8},"end":{"line":38,"column":64}},"5":{"start":{"line":40,"column":8},"end":{"line":40,"column":61}},"6":{"start":{"line":41,"column":8},"end":{"line":41,"column":39}},"7":{"start":{"line":42,"column":8},"end":{"line":42,"column":45}},"8":{"start":{"line":43,"column":8},"end":{"line":43,"column":39}},"9":{"start":{"line":45,"column":8},"end":{"line":45,"column":65}},"10":{"start":{"line":48,"column":8},"end":{"line":48,"column":59}},"11":{"start":{"line":49,"column":8},"end":{"line":49,"column":73}},"12":{"start":{"line":50,"column":8},"end":{"line":50,"column":59}},"13":{"start":{"line":51,"column":8},"end":{"line":51,"column":87}},"14":{"start":{"line":54,"column":8},"end":{"line":54,"column":52}},"15":{"start":{"line":55,"column":8},"end":{"line":55,"column":50}},"16":{"start":{"line":56,"column":8},"end":{"line":56,"column":63}},"17":{"start":{"line":57,"column":8},"end":{"line":57,"column":79}},"18":{"start":{"line":58,"column":8},"end":{"line":58,"column":2232}},"19":{"start":{"line":62,"column":8},"end":{"line":62,"column":58}},"20":{"start":{"line":63,"column":8},"end":{"line":63,"column":81}},"21":{"start":{"line":66,"column":8},"end":{"line":66,"column":2517}},"22":{"start":{"line":71,"column":8},"end":{"line":71,"column":2685}}},"branchMap":{"1":{"line":22,"type":"if","locations":[{"start":{"line":22,"column":55},"end":{"line":22,"column":55}},{"start":{"line":22,"column":55},"end":{"line":22,"column":55}}]},"2":{"line":23,"type":"if","locations":[{"start":{"line":23,"column":8},"end":{"line":23,"column":8}},{"start":{"line":23,"column":8},"end":{"line":23,"column":8}}]},"3":{"line":27,"type":"if","locations":[{"start":{"line":27,"column":52},"end":{"line":27,"column":52}},{"start":{"line":27,"column":52},"end":{"line":27,"column":52}}]},"4":{"line":28,"type":"if","locations":[{"start":{"line":28,"column":8},"end":{"line":28,"column":8}},{"start":{"line":28,"column":8},"end":{"line":28,"column":8}}]},"5":{"line":37,"type":"if","locations":[{"start":{"line":37,"column":8},"end":{"line":37,"column":8}},{"start":{"line":37,"column":8},"end":{"line":37,"column":8}}]},"6":{"line":38,"type":"if","locations":[{"start":{"line":38,"column":8},"end":{"line":38,"column":8}},{"start":{"line":38,"column":8},"end":{"line":38,"column":8}}]},"7":{"line":41,"type":"if","locations":[{"start":{"line":41,"column":8},"end":{"line":41,"column":8}},{"start":{"line":41,"column":8},"end":{"line":41,"column":8}}]},"8":{"line":58,"type":"if","locations":[{"start":{"line":58,"column":8},"end":{"line":58,"column":8}},{"start":{"line":58,"column":8},"end":{"line":58,"column":8}}]},"9":{"line":71,"type":"if","locations":[{"start":{"line":71,"column":8},"end":{"line":71,"column":8}},{"start":{"line":71,"column":8},"end":{"line":71,"column":8}}]}}},"contracts/VestingAdapter.sol":{"l":{"40":1,"41":1,"49":3,"50":3,"54":3,"55":3,"57":3,"58":3,"60":3,"61":3,"62":3,"63":3,"64":3,"66":3,"67":3,"68":3,"69":3,"71":3,"77":3,"83":5,"84":5,"86":5,"87":5,"88":5,"89":5,"90":5,"94":4,"95":4,"97":4,"98":4,"99":4,"100":4,"102":4,"111":0},"path":"/Users/mac/Protocol/UNLOCKD/contracts/VestingAdapter.sol","s":{"1":1,"2":3,"3":3,"4":3,"5":3,"6":3,"7":3,"8":3,"9":3,"10":3,"11":3,"12":3,"13":3,"14":3,"15":3,"16":3,"17":5,"18":5,"19":5,"20":5,"21":4,"22":4,"23":4,"24":4,"25":4,"26":4,"27":4,"28":0},"b":{"1":[1,0],"2":[1,0],"3":[3,0],"4":[3,0],"5":[0,3],"6":[3,0],"7":[3,0],"8":[3,0],"9":[3,0],"10":[3,0],"11":[3,0],"12":[3,0],"13":[5,0],"14":[5,0],"15":[4,0],"16":[4,0],"17":[4,0],"18":[4,0],"19":[4,0]},"f":{"1":3,"2":1,"3":3,"4":5,"5":4,"6":0},"fnMap":{"1":{"name":"constructor","line":37,"loc":{"start":{"line":37,"column":4},"end":{"line":37,"column":39}}},"2":{"name":"setLoanManager","line":39,"loc":{"start":{"line":39,"column":4},"end":{"line":42,"column":4}}},"3":{"name":"escrow","line":44,"loc":{"start":{"line":44,"column":4},"end":{"line":78,"column":4}}},"4":{"name":"getDetails","line":80,"loc":{"start":{"line":80,"column":4},"end":{"line":91,"column":4}}},"5":{"name":"releaseTo","line":93,"loc":{"start":{"line":93,"column":4},"end":{"line":103,"column":4}}},"6":{"name":"onERC721Received","line":105,"loc":{"start":{"line":105,"column":4},"end":{"line":112,"column":4}}}},"statementMap":{"1":{"start":{"line":40,"column":8},"end":{"line":40,"column":50}},"2":{"start":{"line":49,"column":8},"end":{"line":49,"column":52}},"3":{"start":{"line":50,"column":8},"end":{"line":50,"column":1545}},"4":{"start":{"line":54,"column":8},"end":{"line":54,"column":65}},"5":{"start":{"line":55,"column":8},"end":{"line":55,"column":82}},"6":{"start":{"line":57,"column":8},"end":{"line":57,"column":74}},"7":{"start":{"line":58,"column":8},"end":{"line":58,"column":68}},"8":{"start":{"line":60,"column":8},"end":{"line":60,"column":39}},"9":{"start":{"line":61,"column":8},"end":{"line":61,"column":45}},"10":{"start":{"line":62,"column":8},"end":{"line":62,"column":42}},"11":{"start":{"line":63,"column":8},"end":{"line":63,"column":45}},"12":{"start":{"line":64,"column":8},"end":{"line":64,"column":64}},"13":{"start":{"line":66,"column":8},"end":{"line":66,"column":39}},"14":{"start":{"line":67,"column":8},"end":{"line":67,"column":46}},"15":{"start":{"line":68,"column":8},"end":{"line":68,"column":49}},"16":{"start":{"line":69,"column":8},"end":{"line":69,"column":36}},"17":{"start":{"line":83,"column":8},"end":{"line":83,"column":55}},"18":{"start":{"line":84,"column":8},"end":{"line":84,"column":69}},"19":{"start":{"line":86,"column":8},"end":{"line":86,"column":81}},"20":{"start":{"line":87,"column":8},"end":{"line":87,"column":62}},"21":{"start":{"line":94,"column":8},"end":{"line":94,"column":61}},"22":{"start":{"line":95,"column":8},"end":{"line":95,"column":40}},"23":{"start":{"line":97,"column":8},"end":{"line":97,"column":55}},"24":{"start":{"line":98,"column":8},"end":{"line":98,"column":69}},"25":{"start":{"line":99,"column":8},"end":{"line":99,"column":63}},"26":{"start":{"line":100,"column":8},"end":{"line":100,"column":38}},"27":{"start":{"line":102,"column":8},"end":{"line":102,"column":74}},"28":{"start":{"line":111,"column":8},"end":{"line":111,"column":56}}},"branchMap":{"1":{"line":39,"type":"if","locations":[{"start":{"line":39,"column":54},"end":{"line":39,"column":54}},{"start":{"line":39,"column":54},"end":{"line":39,"column":54}}]},"2":{"line":40,"type":"if","locations":[{"start":{"line":40,"column":8},"end":{"line":40,"column":8}},{"start":{"line":40,"column":8},"end":{"line":40,"column":8}}]},"3":{"line":49,"type":"if","locations":[{"start":{"line":49,"column":8},"end":{"line":49,"column":8}},{"start":{"line":49,"column":8},"end":{"line":49,"column":8}}]},"4":{"line":50,"type":"if","locations":[{"start":{"line":50,"column":8},"end":{"line":50,"column":8}},{"start":{"line":50,"column":8},"end":{"line":50,"column":8}}]},"5":{"line":51,"type":"cond-expr","locations":[{"start":{"line":51,"column":12},"end":{"line":51,"column":33}},{"start":{"line":51,"column":38},"end":{"line":51,"column":62}}]},"6":{"line":54,"type":"if","locations":[{"start":{"line":54,"column":8},"end":{"line":54,"column":8}},{"start":{"line":54,"column":8},"end":{"line":54,"column":8}}]},"7":{"line":55,"type":"if","locations":[{"start":{"line":55,"column":8},"end":{"line":55,"column":8}},{"start":{"line":55,"column":8},"end":{"line":55,"column":8}}]},"8":{"line":58,"type":"if","locations":[{"start":{"line":58,"column":8},"end":{"line":58,"column":8}},{"start":{"line":58,"column":8},"end":{"line":58,"column":8}}]},"9":{"line":62,"type":"if","locations":[{"start":{"line":62,"column":8},"end":{"line":62,"column":8}},{"start":{"line":62,"column":8},"end":{"line":62,"column":8}}]},"10":{"line":64,"type":"if","locations":[{"start":{"line":64,"column":8},"end":{"line":64,"column":8}},{"start":{"line":64,"column":8},"end":{"line":64,"column":8}}]},"11":{"line":67,"type":"if","locations":[{"start":{"line":67,"column":8},"end":{"line":67,"column":8}},{"start":{"line":67,"column":8},"end":{"line":67,"column":8}}]},"12":{"line":69,"type":"if","locations":[{"start":{"line":69,"column":8},"end":{"line":69,"column":8}},{"start":{"line":69,"column":8},"end":{"line":69,"column":8}}]},"13":{"line":84,"type":"if","locations":[{"start":{"line":84,"column":8},"end":{"line":84,"column":8}},{"start":{"line":84,"column":8},"end":{"line":84,"column":8}}]},"14":{"line":87,"type":"if","locations":[{"start":{"line":87,"column":8},"end":{"line":87,"column":8}},{"start":{"line":87,"column":8},"end":{"line":87,"column":8}}]},"15":{"line":94,"type":"if","locations":[{"start":{"line":94,"column":8},"end":{"line":94,"column":8}},{"start":{"line":94,"column":8},"end":{"line":94,"column":8}}]},"16":{"line":95,"type":"if","locations":[{"start":{"line":95,"column":8},"end":{"line":95,"column":8}},{"start":{"line":95,"column":8},"end":{"line":95,"column":8}}]},"17":{"line":98,"type":"if","locations":[{"start":{"line":98,"column":8},"end":{"line":98,"column":8}},{"start":{"line":98,"column":8},"end":{"line":98,"column":8}}]},"18":{"line":99,"type":"if","locations":[{"start":{"line":99,"column":8},"end":{"line":99,"column":8}},{"start":{"line":99,"column":8},"end":{"line":99,"column":8}}]},"19":{"line":100,"type":"if","locations":[{"start":{"line":100,"column":8},"end":{"line":100,"column":8}},{"start":{"line":100,"column":8},"end":{"line":100,"column":8}}]}}}}