TN:
SF:/Users/mac/Protocol/UNLOCKD/contracts/IdentityVerifierMock.sol
FN:11,verifyProof
FN:21,isVerified
FNF:2
FNH:1
FNDA:1,verifyProof
FNDA:0,isVerified
DA:13,1
DA:14,0
DA:16,1
DA:17,1
DA:18,1
DA:22,0
LF:6
LH:4
BRDA:13,1,0,0
BRDA:13,1,1,1
BRF:2
BRH:1
end_of_record
TN:
SF:/Users/mac/Protocol/UNLOCKD/contracts/LendingPool.sol
FN:18,constructor
FN:22,onlyLoanManager
FN:27,setLoanManager
FN:32,deposit
FN:39,withdraw
FN:48,lend
FN:55,repay
FN:61,utilizationRateBps
FN:68,getInterestRateBps
FN:72,availableLiquidity
FNF:10
FNH:9
FNDA:3,constructor
FNDA:5,onlyLoanManager
FNDA:1,setLoanManager
FNDA:3,deposit
FNDA:0,withdraw
FNDA:2,lend
FNDA:3,repay
FNDA:2,utilizationRateBps
FNDA:2,getInterestRateBps
FNDA:2,availableLiquidity
DA:19,3
DA:23,5
DA:24,5
DA:28,1
DA:29,1
DA:33,3
DA:34,3
DA:35,3
DA:36,3
DA:40,0
DA:41,0
DA:42,0
DA:43,0
DA:44,0
DA:45,0
DA:49,2
DA:50,2
DA:51,2
DA:52,2
DA:56,3
DA:57,3
DA:58,3
DA:62,2
DA:63,0
DA:65,2
DA:69,2
DA:73,2
LF:27
LH:20
BRDA:23,1,0,5
BRDA:23,1,1,0
BRDA:27,2,0,1
BRDA:27,2,1,0
BRDA:28,3,0,1
BRDA:28,3,1,0
BRDA:32,4,0,3
BRDA:32,4,1,0
BRDA:33,5,0,3
BRDA:33,5,1,0
BRDA:34,6,0,3
BRDA:34,6,1,0
BRDA:39,7,0,0
BRDA:39,7,1,0
BRDA:40,8,0,0
BRDA:40,8,1,0
BRDA:41,9,0,0
BRDA:41,9,1,0
BRDA:42,10,0,0
BRDA:42,10,1,0
BRDA:45,11,0,0
BRDA:45,11,1,0
BRDA:48,12,0,2
BRDA:48,12,1,0
BRDA:48,13,0,2
BRDA:48,13,1,0
BRDA:49,14,0,2
BRDA:49,14,1,0
BRDA:50,15,0,2
BRDA:50,15,1,0
BRDA:52,16,0,2
BRDA:52,16,1,0
BRDA:55,17,0,3
BRDA:55,17,1,0
BRDA:55,18,0,3
BRDA:55,18,1,0
BRDA:56,19,0,3
BRDA:56,19,1,0
BRDA:57,20,0,3
BRDA:57,20,1,0
BRDA:62,21,0,0
BRDA:62,21,1,2
BRDA:69,22,0,0
BRDA:69,22,1,2
BRF:44
BRH:17
end_of_record
TN:
SF:/Users/mac/Protocol/UNLOCKD/contracts/LoanManager.sol
FN:66,constructor
FN:78,setIdentityConfig
FN:89,setLiquidationConfig
FN:98,linkIdentity
FN:107,createLoan
FN:145,repayLoan
FN:173,settleAtUnlock
FN:227,_liquidate
FN:255,_minUsdcOut
FN:273,_calculateSeizeAmount
FNF:10
FNH:8
FNDA:3,constructor
FNDA:0,setIdentityConfig
FNDA:0,setLiquidationConfig
FNDA:1,linkIdentity
FNDA:3,createLoan
FNDA:1,repayLoan
FNDA:2,settleAtUnlock
FNDA:2,_liquidate
FNDA:2,_minUsdcOut
FNDA:2,_calculateSeizeAmount
DA:67,3
DA:68,3
DA:69,3
DA:70,3
DA:71,3
DA:72,3
DA:73,3
DA:74,3
DA:75,3
DA:79,0
DA:80,0
DA:81,0
DA:82,0
DA:90,0
DA:91,0
DA:92,0
DA:93,0
DA:94,0
DA:95,0
DA:99,1
DA:100,1
DA:101,1
DA:102,1
DA:103,1
DA:104,1
DA:112,3
DA:114,3
DA:115,3
DA:117,3
DA:118,3
DA:119,1
DA:120,1
DA:121,0
DA:124,3
DA:125,3
DA:127,2
DA:128,2
DA:130,2
DA:131,2
DA:139,2
DA:141,2
DA:142,2
DA:146,1
DA:147,1
DA:148,1
DA:149,1
DA:151,1
DA:152,1
DA:154,1
DA:155,1
DA:157,1
DA:158,1
DA:159,1
DA:160,1
DA:161,0
DA:162,0
DA:164,1
DA:167,0
DA:170,1
DA:174,2
DA:175,2
DA:176,2
DA:178,2
DA:179,2
DA:180,2
DA:182,2
DA:183,0
DA:184,0
DA:187,2
DA:188,2
DA:189,0
DA:192,2
DA:193,2
DA:194,2
DA:199,2
DA:200,2
DA:201,2
DA:202,2
DA:203,2
DA:205,2
DA:206,2
DA:210,2
DA:215,2
DA:216,2
DA:220,2
DA:221,2
DA:222,2
DA:224,2
DA:232,2
DA:233,0
DA:236,2
DA:237,2
DA:239,2
DA:251,2
DA:252,2
DA:259,2
DA:260,2
DA:261,2
DA:262,2
DA:264,2
DA:265,2
DA:266,2
DA:268,2
DA:269,2
DA:270,2
DA:277,2
DA:278,2
DA:281,0
DA:282,0
DA:283,0
DA:284,0
DA:286,0
DA:287,0
DA:288,0
DA:290,0
DA:295,0
LF:116
LH:89
BRDA:78,1,0,0
BRDA:78,1,1,0
BRDA:79,2,0,0
BRDA:79,2,1,0
BRDA:89,3,0,0
BRDA:89,3,1,0
BRDA:90,4,0,0
BRDA:90,4,1,0
BRDA:91,5,0,0
BRDA:91,5,1,0
BRDA:99,6,0,1
BRDA:99,6,1,0
BRDA:101,7,0,1
BRDA:101,7,1,0
BRDA:112,8,0,3
BRDA:112,8,1,0
BRDA:118,9,0,1
BRDA:118,9,1,2
BRDA:120,10,0,0
BRDA:120,10,1,1
BRDA:125,11,0,2
BRDA:125,11,1,1
BRDA:147,12,0,1
BRDA:147,12,1,0
BRDA:148,13,0,1
BRDA:148,13,1,0
BRDA:149,14,0,1
BRDA:149,14,1,0
BRDA:151,15,0,1
BRDA:151,15,1,0
BRDA:157,16,0,1
BRDA:157,16,1,0
BRDA:160,17,0,0
BRDA:160,17,1,1
BRDA:175,18,0,2
BRDA:175,18,1,0
BRDA:176,19,0,2
BRDA:176,19,1,0
BRDA:182,20,0,0
BRDA:182,20,1,2
BRDA:183,21,0,0
BRDA:183,21,1,0
BRDA:186,22,0,2
BRDA:186,22,1,0
BRDA:188,23,0,0
BRDA:188,23,1,2
BRDA:192,24,0,2
BRDA:192,24,1,0
BRDA:199,25,0,2
BRDA:199,25,1,0
BRDA:202,26,0,2
BRDA:202,26,1,0
BRDA:205,27,0,2
BRDA:205,27,1,0
BRDA:206,28,0,2
BRDA:206,28,1,0
BRDA:215,29,0,2
BRDA:215,29,1,0
BRDA:232,30,0,0
BRDA:232,30,1,2
BRDA:261,31,0,2
BRDA:261,31,1,0
BRDA:277,32,0,2
BRDA:277,32,1,0
BRDA:283,33,0,0
BRDA:283,33,1,0
BRF:66
BRH:28
end_of_record
TN:
SF:/Users/mac/Protocol/UNLOCKD/contracts/mocks/MockPriceFeed.sol
FN:8,constructor
FN:13,setPrice
FN:17,decimals
FN:21,latestRoundData
FNF:4
FNH:4
FNDA:3,constructor
FNDA:2,setPrice
FNDA:9,decimals
FNDA:9,latestRoundData
DA:9,3
DA:10,3
DA:14,2
DA:18,9
DA:26,9
LF:5
LH:5
BRF:0
BRH:0
end_of_record
TN:
SF:/Users/mac/Protocol/UNLOCKD/contracts/mocks/MockSwapRouter.sol
FN:8,uniswapV3SwapCallback
FN:16,exactInputSingle
FN:46,exactInput
FN:52,exactOutputSingle
FN:58,exactOutput
FNF:5
FNH:1
FNDA:0,uniswapV3SwapCallback
FNDA:2,exactInputSingle
FNDA:0,exactInput
FNDA:0,exactOutputSingle
FNDA:0,exactOutput
DA:13,0
DA:19,2
DA:20,2
DA:28,2
DA:31,0
DA:39,0
DA:43,0
DA:49,0
DA:55,0
DA:61,0
LF:10
LH:3
BRDA:19,1,0,2
BRDA:19,1,1,0
BRDA:20,2,0,2
BRDA:20,2,1,0
BRDA:31,3,0,0
BRDA:31,3,1,0
BRDA:39,4,0,0
BRDA:39,4,1,0
BRF:8
BRH:2
end_of_record
TN:
SF:/Users/mac/Protocol/UNLOCKD/contracts/mocks/MockUSDC.sol
FN:7,constructor
FN:9,decimals
FN:13,mint
FNF:3
FNH:3
FNDA:3,constructor
FNDA:4,decimals
FNDA:8,mint
DA:10,4
DA:14,8
LF:2
LH:2
BRF:0
BRH:0
end_of_record
TN:
SF:/Users/mac/Protocol/UNLOCKD/contracts/mocks/MockVestingWallet.sol
FN:15,constructor
FN:29,setReleased
FN:33,releaseTo
FN:40,release
FNF:4
FNH:2
FNDA:4,constructor
FNDA:0,setReleased
FNDA:4,releaseTo
FNDA:0,release
DA:22,4
DA:23,4
DA:24,4
DA:25,4
DA:26,4
DA:30,0
DA:34,4
DA:35,4
DA:36,4
DA:37,4
DA:41,0
LF:11
LH:9
BRDA:34,1,0,4
BRDA:34,1,1,0
BRDA:35,2,0,4
BRDA:35,2,1,0
BRF:4
BRH:2
end_of_record
TN:
SF:/Users/mac/Protocol/UNLOCKD/contracts/ValuationEngine.sol
FN:18,constructor
FN:22,setRiskFreeRate
FN:27,setVolatility
FN:32,computeDPV
FNF:4
FNH:3
FNDA:3,constructor
FNDA:0,setRiskFreeRate
FNDA:2,setVolatility
FNDA:7,computeDPV
DA:19,3
DA:23,0
DA:24,0
DA:28,2
DA:29,2
DA:37,7
DA:38,7
DA:40,7
DA:41,7
DA:42,7
DA:43,7
DA:45,7
DA:48,7
DA:49,7
DA:50,7
DA:51,7
DA:54,7
DA:55,7
DA:56,7
DA:57,7
DA:58,7
DA:59,0
DA:62,7
DA:63,7
DA:64,7
DA:66,7
DA:70,7
DA:71,7
DA:72,0
LF:29
LH:25
BRDA:22,1,0,0
BRDA:22,1,1,0
BRDA:23,2,0,0
BRDA:23,2,1,0
BRDA:27,3,0,2
BRDA:27,3,1,0
BRDA:28,4,0,2
BRDA:28,4,1,0
BRDA:37,5,0,7
BRDA:37,5,1,0
BRDA:38,6,0,7
BRDA:38,6,1,0
BRDA:41,7,0,7
BRDA:41,7,1,0
BRDA:58,8,0,0
BRDA:58,8,1,7
BRDA:71,9,0,0
BRDA:71,9,1,7
BRF:18
BRH:7
end_of_record
TN:
SF:/Users/mac/Protocol/UNLOCKD/contracts/VestingAdapter.sol
FN:37,constructor
FN:39,setLoanManager
FN:44,escrow
FN:80,getDetails
FN:93,releaseTo
FN:105,onERC721Received
FNF:6
FNH:5
FNDA:3,constructor
FNDA:1,setLoanManager
FNDA:3,escrow
FNDA:5,getDetails
FNDA:4,releaseTo
FNDA:0,onERC721Received
DA:40,1
DA:41,1
DA:49,3
DA:50,3
DA:54,3
DA:55,3
DA:57,3
DA:58,3
DA:60,3
DA:61,3
DA:62,3
DA:63,3
DA:64,3
DA:66,3
DA:67,3
DA:68,3
DA:69,3
DA:71,3
DA:77,3
DA:83,5
DA:84,5
DA:86,5
DA:87,5
DA:88,5
DA:89,5
DA:90,5
DA:94,4
DA:95,4
DA:97,4
DA:98,4
DA:99,4
DA:100,4
DA:102,4
DA:111,0
LF:34
LH:33
BRDA:39,1,0,1
BRDA:39,1,1,0
BRDA:40,2,0,1
BRDA:40,2,1,0
BRDA:49,3,0,3
BRDA:49,3,1,0
BRDA:50,4,0,3
BRDA:50,4,1,0
BRDA:51,5,0,0
BRDA:51,5,1,3
BRDA:54,6,0,3
BRDA:54,6,1,0
BRDA:55,7,0,3
BRDA:55,7,1,0
BRDA:58,8,0,3
BRDA:58,8,1,0
BRDA:62,9,0,3
BRDA:62,9,1,0
BRDA:64,10,0,3
BRDA:64,10,1,0
BRDA:67,11,0,3
BRDA:67,11,1,0
BRDA:69,12,0,3
BRDA:69,12,1,0
BRDA:84,13,0,5
BRDA:84,13,1,0
BRDA:87,14,0,5
BRDA:87,14,1,0
BRDA:94,15,0,4
BRDA:94,15,1,0
BRDA:95,16,0,4
BRDA:95,16,1,0
BRDA:98,17,0,4
BRDA:98,17,1,0
BRDA:99,18,0,4
BRDA:99,18,1,0
BRDA:100,19,0,4
BRDA:100,19,1,0
BRF:38
BRH:19
end_of_record
